<?xml version="1.0" encoding="UTF-8"?>
<testng-results ignored="0" total="1" passed="0" failed="1" skipped="0">
  <reporter-output>
  </reporter-output>
  <suite started-at="2025-03-01T13:42:10 EET" name="Forceget Test Suite" finished-at="2025-03-01T13:44:30 EET" duration-ms="140192">
    <groups>
      <group name="cucumber">
        <method signature="AbstractTestNGCucumberTests.runScenario(io.cucumber.testng.PickleWrapper,io.cucumber.testng.FeatureWrapper)[pri:0, instance:org.example.forcegetregister.runners.TestRunner@4d154ccd]" name="runScenario" class="io.cucumber.testng.AbstractTestNGCucumberTests"/>
      </group> <!-- cucumber -->
    </groups>
    <test started-at="2025-03-01T13:42:10 EET" name="Cucumber Tests" finished-at="2025-03-01T13:44:30 EET" duration-ms="140192">
      <class name="org.example.forcegetregister.runners.TestRunner">
        <test-method is-config="true" signature="setUpClass(org.testng.ITestContext)[pri:0, instance:org.example.forcegetregister.runners.TestRunner@4d154ccd]" started-at="2025-03-01T13:42:10 EET" name="setUpClass" finished-at="2025-03-01T13:42:10 EET" duration-ms="477" status="PASS">
          <params>
            <param index="0">
              <value>
                <![CDATA[org.testng.TestRunner@b4732dc]]>
              </value>
            </param>
          </params>
          <reporter-output>
          </reporter-output>
        </test-method> <!-- setUpClass -->
        <test-method signature="runScenario(io.cucumber.testng.PickleWrapper,io.cucumber.testng.FeatureWrapper)[pri:0, instance:org.example.forcegetregister.runners.TestRunner@4d154ccd]" started-at="2025-03-01T13:42:10 EET" name="runScenario" description="Runs Cucumber Scenarios" data-provider="scenarios" finished-at="2025-03-01T13:44:30 EET" duration-ms="139601" status="FAIL">
          <params>
            <param index="0">
              <value>
                <![CDATA["Register with Fixed Values and Login"]]>
              </value>
            </param>
            <param index="1">
              <value>
                <![CDATA["Forceget User Registration and Login"]]>
              </value>
            </param>
          </params>
          <exception class="java.lang.AssertionError">
            <message>
              <![CDATA[Login was not successful - Welcome message not found! expected [true] but found [false]]]>
            </message>
            <full-stacktrace>
              <![CDATA[java.lang.AssertionError: Login was not successful - Welcome message not found! expected [true] but found [false]
at org.testng.Assert.fail(Assert.java:111)
at org.testng.Assert.failNotEquals(Assert.java:1578)
at org.testng.Assert.assertTrue(Assert.java:57)
at org.example.forcegetregister.steps.RegisterSteps.loginShouldBeSuccessful(RegisterSteps.java:148)
at ✽.login should be successful(file:///C:/Users/devop/OneDrive/Masaüstü/ForgeceRegister/src/test/resources/features/register.feature:14)
]]>
            </full-stacktrace>
          </exception> <!-- java.lang.AssertionError -->
          <reporter-output>
          </reporter-output>
        </test-method> <!-- runScenario -->
        <test-method is-config="true" signature="tearDownClass()[pri:0, instance:org.example.forcegetregister.runners.TestRunner@4d154ccd]" started-at="2025-03-01T13:44:30 EET" name="tearDownClass" finished-at="2025-03-01T13:44:30 EET" duration-ms="81" status="PASS">
          <reporter-output>
          </reporter-output>
        </test-method> <!-- tearDownClass -->
      </class> <!-- org.example.forcegetregister.runners.TestRunner -->
    </test> <!-- Cucumber Tests -->
  </suite> <!-- Forceget Test Suite -->
</testng-results>
